<?xml version="1.0" encoding="UTF-8"?>
<testng-results ignored="0" total="1" passed="1" failed="0" skipped="0">
  <reporter-output>
  </reporter-output>
  <suite started-at="2025-03-14T00:56:06 IST" name="Default suite" finished-at="2025-03-14T00:56:16 IST" duration-ms="10210">
    <groups>
    </groups>
    <test started-at="2025-03-14T00:56:06 IST" name="Default test" finished-at="2025-03-14T00:56:16 IST" duration-ms="10210">
      <class name="com.LumaRunner.NaukriTestRunner">
        <test-method signature="naukri()[pri:0, instance:com.LumaRunner.NaukriTestRunner@6440112d]" started-at="2025-03-14T00:56:06 IST" name="naukri" finished-at="2025-03-14T00:56:16 IST" duration-ms="10166" status="PASS">
          <reporter-output>
          </reporter-output>
        </test-method> <!-- naukri -->
      </class> <!-- com.LumaRunner.NaukriTestRunner -->
    </test> <!-- Default test -->
  </suite> <!-- Default suite -->
</testng-results>
